<?xml version="1.0" encoding="UTF-8"?>
<coverage generated="1764440365392" clover="3.2.0">
  <project timestamp="1764440365392" name="All files">
    <metrics statements="147" coveredstatements="127" conditionals="64" coveredconditionals="41" methods="29" coveredmethods="24" elements="240" coveredelements="192" complexity="0" loc="147" ncloc="147" packages="1" files="4" classes="4"/>
    <file name="Cell.ts" path="/Users/fede/Facultad/2do/Paradigmas/TPI/buscaminas/src/game/Cell.ts">
      <metrics statements="18" coveredstatements="17" conditionals="2" coveredconditionals="0" methods="6" coveredmethods="5"/>
      <line num="13" count="251" type="stmt"/>
      <line num="14" count="251" type="stmt"/>
      <line num="15" count="251" type="stmt"/>
      <line num="16" count="251" type="stmt"/>
      <line num="17" count="251" type="stmt"/>
      <line num="18" count="251" type="stmt"/>
      <line num="19" count="251" type="stmt"/>
      <line num="23" count="12" type="stmt"/>
      <line num="27" count="0" type="cond" truecount="0" falsecount="2"/>
      <line num="31" count="18" type="stmt"/>
      <line num="35" count="123" type="stmt"/>
      <line num="39" count="53" type="stmt"/>
      <line num="40" count="53" type="stmt"/>
      <line num="41" count="53" type="stmt"/>
      <line num="42" count="53" type="stmt"/>
      <line num="43" count="53" type="stmt"/>
      <line num="44" count="53" type="stmt"/>
      <line num="45" count="53" type="stmt"/>
    </file>
    <file name="Game.ts" path="/Users/fede/Facultad/2do/Paradigmas/TPI/buscaminas/src/game/Game.ts">
      <metrics statements="114" coveredstatements="95" conditionals="59" coveredconditionals="38" methods="13" coveredmethods="9"/>
      <line num="14" count="15" type="stmt"/>
      <line num="17" count="15" type="stmt"/>
      <line num="18" count="15" type="stmt"/>
      <line num="19" count="15" type="stmt"/>
      <line num="20" count="15" type="stmt"/>
      <line num="21" count="15" type="stmt"/>
      <line num="22" count="15" type="stmt"/>
      <line num="24" count="15" type="stmt"/>
      <line num="25" count="44" type="stmt"/>
      <line num="26" count="44" type="stmt"/>
      <line num="27" count="198" type="stmt"/>
      <line num="29" count="44" type="stmt"/>
      <line num="34" count="6" type="stmt"/>
      <line num="35" count="6" type="stmt"/>
      <line num="38" count="6" type="stmt"/>
      <line num="39" count="6" type="stmt"/>
      <line num="40" count="23" type="stmt"/>
      <line num="41" count="23" type="stmt"/>
      <line num="42" count="23" type="stmt"/>
      <line num="43" count="23" type="cond" truecount="2" falsecount="0"/>
      <line num="44" count="18" type="stmt"/>
      <line num="45" count="18" type="stmt"/>
      <line num="50" count="6" type="stmt"/>
      <line num="52" count="6" type="stmt"/>
      <line num="53" count="6" type="stmt"/>
      <line num="55" count="6" type="stmt"/>
      <line num="56" count="5" type="stmt"/>
      <line num="57" count="5" type="stmt"/>
      <line num="58" count="5" type="stmt"/>
      <line num="59" count="5" type="cond" truecount="4" falsecount="0"/>
      <line num="60" count="4" type="stmt"/>
      <line num="61" count="4" type="stmt"/>
      <line num="66" count="6" type="stmt"/>
      <line num="67" count="23" type="stmt"/>
      <line num="68" count="141" type="stmt"/>
      <line num="69" count="141" type="cond" truecount="2" falsecount="0"/>
      <line num="70" count="123" type="stmt"/>
      <line num="71" count="123" type="stmt"/>
      <line num="76" count="6" type="stmt"/>
      <line num="80" count="123" type="stmt"/>
      <line num="81" count="123" type="stmt"/>
      <line num="83" count="123" type="stmt"/>
      <line num="84" count="369" type="stmt"/>
      <line num="85" count="1107" type="cond" truecount="4" falsecount="0"/>
      <line num="86" count="984" type="stmt"/>
      <line num="87" count="984" type="stmt"/>
      <line num="88" count="984" type="cond" truecount="2" falsecount="0"/>
      <line num="92" count="123" type="stmt"/>
      <line num="96" count="8" type="stmt"/>
      <line num="97" count="8" type="stmt"/>
      <line num="98" count="8" type="stmt"/>
      <line num="99" count="8" type="stmt"/>
      <line num="100" count="8" type="stmt"/>
      <line num="101" count="19" type="stmt"/>
      <line num="102" count="53" type="stmt"/>
      <line num="105" count="8" type="stmt"/>
      <line num="110" count="8" type="stmt"/>
      <line num="111" count="8" type="cond" truecount="1" falsecount="1"/>
      <line num="113" count="8" type="stmt"/>
      <line num="114" count="8" type="cond" truecount="4" falsecount="1"/>
      <line num="117" count="8" type="cond" truecount="2" falsecount="0"/>
      <line num="118" count="2" type="stmt"/>
      <line num="119" count="2" type="cond" truecount="1" falsecount="1"/>
      <line num="120" count="2" type="stmt"/>
      <line num="121" count="2" type="cond" truecount="2" falsecount="0"/>
      <line num="122" count="1" type="stmt"/>
      <line num="123" count="1" type="stmt"/>
      <line num="126" count="0" type="stmt"/>
      <line num="127" count="0" type="stmt"/>
      <line num="129" count="2" type="stmt"/>
      <line num="133" count="6" type="stmt"/>
      <line num="134" count="6" type="stmt"/>
      <line num="136" count="6" type="cond" truecount="2" falsecount="0"/>
      <line num="137" count="1" type="stmt"/>
      <line num="138" count="1" type="stmt"/>
      <line num="141" count="6" type="cond" truecount="1" falsecount="1"/>
      <line num="142" count="6" type="stmt"/>
      <line num="145" count="6" type="cond" truecount="2" falsecount="0"/>
      <line num="146" count="1" type="stmt"/>
      <line num="149" count="6" type="stmt"/>
      <line num="154" count="0" type="stmt"/>
      <line num="155" count="0" type="cond" truecount="0" falsecount="2"/>
      <line num="157" count="0" type="stmt"/>
      <line num="158" count="0" type="cond" truecount="0" falsecount="4"/>
      <line num="159" count="0" type="stmt"/>
      <line num="160" count="0" type="stmt"/>
      <line num="164" count="1" type="stmt"/>
      <line num="165" count="2" type="stmt"/>
      <line num="166" count="4" type="stmt"/>
      <line num="167" count="4" type="cond" truecount="1" falsecount="1"/>
      <line num="173" count="6" type="stmt"/>
      <line num="174" count="9" type="stmt"/>
      <line num="175" count="17" type="stmt"/>
      <line num="176" count="17" type="cond" truecount="4" falsecount="0"/>
      <line num="179" count="1" type="stmt"/>
      <line num="183" count="6" type="stmt"/>
      <line num="186" count="6" type="stmt"/>
      <line num="187" count="6" type="stmt"/>
      <line num="188" count="6" type="stmt"/>
      <line num="189" count="6" type="cond" truecount="3" falsecount="2"/>
      <line num="191" count="0" type="stmt"/>
      <line num="192" count="0" type="stmt"/>
      <line num="194" count="0" type="cond" truecount="0" falsecount="2"/>
      <line num="195" count="0" type="stmt"/>
      <line num="196" count="0" type="stmt"/>
      <line num="199" count="0" type="cond" truecount="0" falsecount="2"/>
      <line num="201" count="0" type="stmt"/>
      <line num="202" count="0" type="stmt"/>
      <line num="203" count="0" type="cond" truecount="0" falsecount="4"/>
      <line num="204" count="0" type="stmt"/>
      <line num="211" count="1" type="stmt"/>
      <line num="212" count="2" type="stmt"/>
      <line num="213" count="4" type="stmt"/>
      <line num="220" count="0" type="stmt"/>
    </file>
    <file name="Lives.ts" path="/Users/fede/Facultad/2do/Paradigmas/TPI/buscaminas/src/game/Lives.ts">
      <metrics statements="11" coveredstatements="11" conditionals="2" coveredconditionals="2" methods="6" coveredmethods="6"/>
      <line num="6" count="37" type="stmt"/>
      <line num="7" count="37" type="stmt"/>
      <line num="11" count="7" type="cond" truecount="2" falsecount="0"/>
      <line num="12" count="6" type="stmt"/>
      <line num="17" count="2" type="stmt"/>
      <line num="21" count="6" type="stmt"/>
      <line num="25" count="2" type="stmt"/>
      <line num="26" count="2" type="stmt"/>
      <line num="30" count="9" type="stmt"/>
      <line num="31" count="9" type="stmt"/>
      <line num="32" count="9" type="stmt"/>
    </file>
    <file name="Score.ts" path="/Users/fede/Facultad/2do/Paradigmas/TPI/buscaminas/src/game/Score.ts">
      <metrics statements="4" coveredstatements="4" conditionals="1" coveredconditionals="1" methods="4" coveredmethods="4"/>
      <line num="5" count="28" type="stmt"/>
      <line num="9" count="9" type="stmt"/>
      <line num="13" count="1" type="stmt"/>
      <line num="17" count="9" type="stmt"/>
    </file>
  </project>
</coverage>
