{"/Users/fede/Facultad/2do/Paradigmas/TPI/buscaminas/src/game/Cell.ts": {"path":"/Users/fede/Facultad/2do/Paradigmas/TPI/buscaminas/src/game/Cell.ts","statementMap":{"0":{"start":{"line":13,"column":4},"end":{"line":13,"column":null}},"1":{"start":{"line":14,"column":4},"end":{"line":14,"column":null}},"2":{"start":{"line":15,"column":4},"end":{"line":15,"column":null}},"3":{"start":{"line":16,"column":4},"end":{"line":16,"column":null}},"4":{"start":{"line":17,"column":4},"end":{"line":17,"column":null}},"5":{"start":{"line":18,"column":4},"end":{"line":18,"column":null}},"6":{"start":{"line":19,"column":4},"end":{"line":19,"column":null}},"7":{"start":{"line":23,"column":4},"end":{"line":23,"column":null}},"8":{"start":{"line":27,"column":4},"end":{"line":27,"column":null}},"9":{"start":{"line":27,"column":26},"end":{"line":27,"column":null}},"10":{"start":{"line":31,"column":4},"end":{"line":31,"column":null}},"11":{"start":{"line":35,"column":4},"end":{"line":35,"column":null}},"12":{"start":{"line":39,"column":14},"end":{"line":39,"column":null}},"13":{"start":{"line":40,"column":4},"end":{"line":40,"column":null}},"14":{"start":{"line":41,"column":4},"end":{"line":41,"column":null}},"15":{"start":{"line":42,"column":4},"end":{"line":42,"column":null}},"16":{"start":{"line":43,"column":4},"end":{"line":43,"column":null}},"17":{"start":{"line":44,"column":4},"end":{"line":44,"column":null}},"18":{"start":{"line":45,"column":4},"end":{"line":45,"column":null}}},"fnMap":{"0":{"name":"(anonymous_0)","decl":{"start":{"line":12,"column":2},"end":{"line":12,"column":14}},"loc":{"start":{"line":12,"column":36},"end":{"line":20,"column":null}},"line":12},"1":{"name":"(anonymous_1)","decl":{"start":{"line":22,"column":2},"end":{"line":22,"column":11}},"loc":{"start":{"line":22,"column":11},"end":{"line":24,"column":null}},"line":22},"2":{"name":"(anonymous_2)","decl":{"start":{"line":26,"column":2},"end":{"line":26,"column":15}},"loc":{"start":{"line":26,"column":15},"end":{"line":28,"column":null}},"line":26},"3":{"name":"(anonymous_3)","decl":{"start":{"line":30,"column":2},"end":{"line":30,"column":12}},"loc":{"start":{"line":30,"column":12},"end":{"line":32,"column":null}},"line":30},"4":{"name":"(anonymous_4)","decl":{"start":{"line":34,"column":2},"end":{"line":34,"column":19}},"loc":{"start":{"line":34,"column":34},"end":{"line":36,"column":null}},"line":34},"5":{"name":"(anonymous_5)","decl":{"start":{"line":38,"column":2},"end":{"line":38,"column":10}},"loc":{"start":{"line":38,"column":10},"end":{"line":46,"column":null}},"line":38}},"branchMap":{"0":{"loc":{"start":{"line":27,"column":4},"end":{"line":27,"column":null}},"type":"if","locations":[{"start":{"line":27,"column":4},"end":{"line":27,"column":null}},{"start":{},"end":{}}],"line":27}},"s":{"0":251,"1":251,"2":251,"3":251,"4":251,"5":251,"6":251,"7":12,"8":0,"9":0,"10":18,"11":123,"12":53,"13":53,"14":53,"15":53,"16":53,"17":53,"18":53},"f":{"0":251,"1":12,"2":0,"3":18,"4":123,"5":53},"b":{"0":[0,0]},"meta":{"lastBranch":1,"lastFunction":6,"lastStatement":19,"seen":{"f:12:2:12:14":0,"s:13:4:13:Infinity":0,"s:14:4:14:Infinity":1,"s:15:4:15:Infinity":2,"s:16:4:16:Infinity":3,"s:17:4:17:Infinity":4,"s:18:4:18:Infinity":5,"s:19:4:19:Infinity":6,"f:22:2:22:11":1,"s:23:4:23:Infinity":7,"f:26:2:26:15":2,"b:27:4:27:Infinity:undefined:undefined:undefined:undefined":0,"s:27:4:27:Infinity":8,"s:27:26:27:Infinity":9,"f:30:2:30:12":3,"s:31:4:31:Infinity":10,"f:34:2:34:19":4,"s:35:4:35:Infinity":11,"f:38:2:38:10":5,"s:39:14:39:Infinity":12,"s:40:4:40:Infinity":13,"s:41:4:41:Infinity":14,"s:42:4:42:Infinity":15,"s:43:4:43:Infinity":16,"s:44:4:44:Infinity":17,"s:45:4:45:Infinity":18}}}
,"/Users/fede/Facultad/2do/Paradigmas/TPI/buscaminas/src/game/Game.ts": {"path":"/Users/fede/Facultad/2do/Paradigmas/TPI/buscaminas/src/game/Game.ts","statementMap":{"0":{"start":{"line":14,"column":42},"end":{"line":14,"column":null}},"1":{"start":{"line":17,"column":4},"end":{"line":17,"column":null}},"2":{"start":{"line":18,"column":4},"end":{"line":18,"column":null}},"3":{"start":{"line":19,"column":4},"end":{"line":19,"column":null}},"4":{"start":{"line":20,"column":4},"end":{"line":20,"column":null}},"5":{"start":{"line":21,"column":4},"end":{"line":21,"column":null}},"6":{"start":{"line":22,"column":4},"end":{"line":22,"column":null}},"7":{"start":{"line":24,"column":4},"end":{"line":30,"column":null}},"8":{"start":{"line":24,"column":17},"end":{"line":24,"column":20}},"9":{"start":{"line":25,"column":26},"end":{"line":25,"column":null}},"10":{"start":{"line":26,"column":6},"end":{"line":28,"column":null}},"11":{"start":{"line":26,"column":19},"end":{"line":26,"column":22}},"12":{"start":{"line":27,"column":8},"end":{"line":27,"column":null}},"13":{"start":{"line":29,"column":6},"end":{"line":29,"column":null}},"14":{"start":{"line":34,"column":17},"end":{"line":34,"column":null}},"15":{"start":{"line":35,"column":4},"end":{"line":35,"column":null}},"16":{"start":{"line":38,"column":22},"end":{"line":38,"column":null}},"17":{"start":{"line":39,"column":4},"end":{"line":47,"column":null}},"18":{"start":{"line":40,"column":16},"end":{"line":40,"column":null}},"19":{"start":{"line":41,"column":16},"end":{"line":41,"column":null}},"20":{"start":{"line":42,"column":19},"end":{"line":42,"column":null}},"21":{"start":{"line":43,"column":6},"end":{"line":46,"column":null}},"22":{"start":{"line":44,"column":8},"end":{"line":44,"column":null}},"23":{"start":{"line":45,"column":8},"end":{"line":45,"column":null}},"24":{"start":{"line":50,"column":22},"end":{"line":50,"column":null}},"25":{"start":{"line":52,"column":22},"end":{"line":52,"column":null}},"26":{"start":{"line":53,"column":24},"end":{"line":53,"column":null}},"27":{"start":{"line":55,"column":4},"end":{"line":63,"column":null}},"28":{"start":{"line":56,"column":16},"end":{"line":56,"column":null}},"29":{"start":{"line":57,"column":16},"end":{"line":57,"column":null}},"30":{"start":{"line":58,"column":19},"end":{"line":58,"column":null}},"31":{"start":{"line":59,"column":6},"end":{"line":62,"column":null}},"32":{"start":{"line":60,"column":8},"end":{"line":60,"column":null}},"33":{"start":{"line":61,"column":8},"end":{"line":61,"column":null}},"34":{"start":{"line":66,"column":4},"end":{"line":74,"column":null}},"35":{"start":{"line":66,"column":17},"end":{"line":66,"column":20}},"36":{"start":{"line":67,"column":6},"end":{"line":73,"column":null}},"37":{"start":{"line":67,"column":19},"end":{"line":67,"column":22}},"38":{"start":{"line":68,"column":21},"end":{"line":68,"column":null}},"39":{"start":{"line":69,"column":8},"end":{"line":72,"column":null}},"40":{"start":{"line":70,"column":24},"end":{"line":70,"column":null}},"41":{"start":{"line":71,"column":10},"end":{"line":71,"column":null}},"42":{"start":{"line":76,"column":4},"end":{"line":76,"column":null}},"43":{"start":{"line":80,"column":17},"end":{"line":80,"column":null}},"44":{"start":{"line":81,"column":16},"end":{"line":81,"column":null}},"45":{"start":{"line":83,"column":4},"end":{"line":90,"column":null}},"46":{"start":{"line":84,"column":6},"end":{"line":89,"column":null}},"47":{"start":{"line":85,"column":8},"end":{"line":85,"column":null}},"48":{"start":{"line":85,"column":34},"end":{"line":85,"column":null}},"49":{"start":{"line":86,"column":19},"end":{"line":86,"column":null}},"50":{"start":{"line":87,"column":19},"end":{"line":87,"column":null}},"51":{"start":{"line":88,"column":8},"end":{"line":88,"column":null}},"52":{"start":{"line":88,"column":41},"end":{"line":88,"column":null}},"53":{"start":{"line":92,"column":4},"end":{"line":92,"column":null}},"54":{"start":{"line":96,"column":14},"end":{"line":96,"column":null}},"55":{"start":{"line":97,"column":4},"end":{"line":97,"column":null}},"56":{"start":{"line":98,"column":4},"end":{"line":98,"column":null}},"57":{"start":{"line":99,"column":4},"end":{"line":99,"column":null}},"58":{"start":{"line":100,"column":4},"end":{"line":104,"column":null}},"59":{"start":{"line":100,"column":17},"end":{"line":100,"column":20}},"60":{"start":{"line":101,"column":6},"end":{"line":103,"column":null}},"61":{"start":{"line":101,"column":19},"end":{"line":101,"column":22}},"62":{"start":{"line":102,"column":8},"end":{"line":102,"column":null}},"63":{"start":{"line":105,"column":4},"end":{"line":105,"column":null}},"64":{"start":{"line":110,"column":17},"end":{"line":110,"column":null}},"65":{"start":{"line":111,"column":4},"end":{"line":111,"column":null}},"66":{"start":{"line":111,"column":38},"end":{"line":111,"column":null}},"67":{"start":{"line":113,"column":17},"end":{"line":113,"column":null}},"68":{"start":{"line":114,"column":4},"end":{"line":114,"column":null}},"69":{"start":{"line":114,"column":52},"end":{"line":114,"column":null}},"70":{"start":{"line":117,"column":4},"end":{"line":130,"column":null}},"71":{"start":{"line":118,"column":6},"end":{"line":118,"column":null}},"72":{"start":{"line":119,"column":6},"end":{"line":128,"column":null}},"73":{"start":{"line":120,"column":8},"end":{"line":120,"column":null}},"74":{"start":{"line":121,"column":8},"end":{"line":124,"column":null}},"75":{"start":{"line":122,"column":10},"end":{"line":122,"column":null}},"76":{"start":{"line":123,"column":10},"end":{"line":123,"column":null}},"77":{"start":{"line":126,"column":9},"end":{"line":126,"column":null}},"78":{"start":{"line":127,"column":9},"end":{"line":127,"column":null}},"79":{"start":{"line":129,"column":6},"end":{"line":129,"column":null}},"80":{"start":{"line":133,"column":4},"end":{"line":133,"column":null}},"81":{"start":{"line":134,"column":4},"end":{"line":134,"column":null}},"82":{"start":{"line":136,"column":4},"end":{"line":139,"column":null}},"83":{"start":{"line":137,"column":6},"end":{"line":137,"column":null}},"84":{"start":{"line":138,"column":6},"end":{"line":138,"column":null}},"85":{"start":{"line":141,"column":4},"end":{"line":143,"column":null}},"86":{"start":{"line":142,"column":6},"end":{"line":142,"column":null}},"87":{"start":{"line":145,"column":4},"end":{"line":147,"column":null}},"88":{"start":{"line":146,"column":6},"end":{"line":146,"column":null}},"89":{"start":{"line":149,"column":4},"end":{"line":149,"column":null}},"90":{"start":{"line":154,"column":17},"end":{"line":154,"column":null}},"91":{"start":{"line":155,"column":4},"end":{"line":155,"column":null}},"92":{"start":{"line":155,"column":38},"end":{"line":155,"column":null}},"93":{"start":{"line":157,"column":17},"end":{"line":157,"column":null}},"94":{"start":{"line":158,"column":4},"end":{"line":158,"column":null}},"95":{"start":{"line":158,"column":34},"end":{"line":158,"column":null}},"96":{"start":{"line":159,"column":4},"end":{"line":159,"column":null}},"97":{"start":{"line":160,"column":4},"end":{"line":160,"column":null}},"98":{"start":{"line":164,"column":4},"end":{"line":169,"column":null}},"99":{"start":{"line":164,"column":17},"end":{"line":164,"column":20}},"100":{"start":{"line":165,"column":6},"end":{"line":168,"column":null}},"101":{"start":{"line":165,"column":19},"end":{"line":165,"column":22}},"102":{"start":{"line":166,"column":21},"end":{"line":166,"column":null}},"103":{"start":{"line":167,"column":8},"end":{"line":167,"column":null}},"104":{"start":{"line":167,"column":25},"end":{"line":167,"column":null}},"105":{"start":{"line":173,"column":4},"end":{"line":178,"column":null}},"106":{"start":{"line":173,"column":17},"end":{"line":173,"column":20}},"107":{"start":{"line":174,"column":6},"end":{"line":177,"column":null}},"108":{"start":{"line":174,"column":19},"end":{"line":174,"column":22}},"109":{"start":{"line":175,"column":21},"end":{"line":175,"column":null}},"110":{"start":{"line":176,"column":8},"end":{"line":176,"column":null}},"111":{"start":{"line":176,"column":46},"end":{"line":176,"column":null}},"112":{"start":{"line":179,"column":4},"end":{"line":179,"column":null}},"113":{"start":{"line":183,"column":18},"end":{"line":183,"column":null}},"114":{"start":{"line":186,"column":4},"end":{"line":207,"column":null}},"115":{"start":{"line":187,"column":23},"end":{"line":187,"column":null}},"116":{"start":{"line":188,"column":19},"end":{"line":188,"column":null}},"117":{"start":{"line":189,"column":6},"end":{"line":189,"column":null}},"118":{"start":{"line":189,"column":54},"end":{"line":189,"column":null}},"119":{"start":{"line":191,"column":6},"end":{"line":191,"column":null}},"120":{"start":{"line":192,"column":6},"end":{"line":192,"column":null}},"121":{"start":{"line":194,"column":6},"end":{"line":197,"column":null}},"122":{"start":{"line":195,"column":8},"end":{"line":195,"column":null}},"123":{"start":{"line":196,"column":8},"end":{"line":196,"column":null}},"124":{"start":{"line":199,"column":6},"end":{"line":199,"column":null}},"125":{"start":{"line":199,"column":34},"end":{"line":199,"column":null}},"126":{"start":{"line":201,"column":6},"end":{"line":206,"column":null}},"127":{"start":{"line":201,"column":20},"end":{"line":201,"column":24}},"128":{"start":{"line":202,"column":8},"end":{"line":205,"column":null}},"129":{"start":{"line":202,"column":22},"end":{"line":202,"column":26}},"130":{"start":{"line":203,"column":10},"end":{"line":203,"column":null}},"131":{"start":{"line":203,"column":36},"end":{"line":203,"column":null}},"132":{"start":{"line":204,"column":10},"end":{"line":204,"column":null}},"133":{"start":{"line":211,"column":4},"end":{"line":215,"column":null}},"134":{"start":{"line":211,"column":17},"end":{"line":211,"column":20}},"135":{"start":{"line":212,"column":6},"end":{"line":214,"column":null}},"136":{"start":{"line":212,"column":19},"end":{"line":212,"column":22}},"137":{"start":{"line":213,"column":8},"end":{"line":213,"column":null}},"138":{"start":{"line":220,"column":4},"end":{"line":228,"column":null}},"139":{"start":{"line":220,"column":32},"end":{"line":228,"column":7}},"140":{"start":{"line":220,"column":49},"end":{"line":228,"column":6}}},"fnMap":{"0":{"name":"(anonymous_0)","decl":{"start":{"line":16,"column":2},"end":{"line":16,"column":14}},"loc":{"start":{"line":16,"column":57},"end":{"line":31,"column":null}},"line":16},"1":{"name":"(anonymous_1)","decl":{"start":{"line":33,"column":9},"end":{"line":33,"column":16}},"loc":{"start":{"line":33,"column":99},"end":{"line":77,"column":null}},"line":33},"2":{"name":"(anonymous_2)","decl":{"start":{"line":79,"column":2},"end":{"line":79,"column":17}},"loc":{"start":{"line":79,"column":39},"end":{"line":93,"column":null}},"line":79},"3":{"name":"(anonymous_3)","decl":{"start":{"line":95,"column":2},"end":{"line":95,"column":10}},"loc":{"start":{"line":95,"column":10},"end":{"line":106,"column":null}},"line":95},"4":{"name":"(anonymous_4)","decl":{"start":{"line":109,"column":2},"end":{"line":109,"column":11}},"loc":{"start":{"line":109,"column":33},"end":{"line":150,"column":null}},"line":109},"5":{"name":"(anonymous_5)","decl":{"start":{"line":153,"column":2},"end":{"line":153,"column":15}},"loc":{"start":{"line":153,"column":37},"end":{"line":161,"column":null}},"line":153},"6":{"name":"(anonymous_6)","decl":{"start":{"line":163,"column":2},"end":{"line":163,"column":19}},"loc":{"start":{"line":163,"column":19},"end":{"line":170,"column":null}},"line":163},"7":{"name":"(anonymous_7)","decl":{"start":{"line":172,"column":2},"end":{"line":172,"column":17}},"loc":{"start":{"line":172,"column":17},"end":{"line":180,"column":null}},"line":172},"8":{"name":"(anonymous_8)","decl":{"start":{"line":182,"column":10},"end":{"line":182,"column":20}},"loc":{"start":{"line":182,"column":42},"end":{"line":208,"column":null}},"line":182},"9":{"name":"(anonymous_9)","decl":{"start":{"line":210,"column":2},"end":{"line":210,"column":14}},"loc":{"start":{"line":210,"column":40},"end":{"line":216,"column":null}},"line":210},"10":{"name":"(anonymous_10)","decl":{"start":{"line":218,"column":2},"end":{"line":218,"column":22}},"loc":{"start":{"line":218,"column":22},"end":{"line":229,"column":null}},"line":218},"11":{"name":"(anonymous_11)","decl":{"start":{"line":220,"column":25},"end":{"line":220,"column":32}},"loc":{"start":{"line":220,"column":32},"end":{"line":228,"column":7}},"line":220},"12":{"name":"(anonymous_12)","decl":{"start":{"line":220,"column":40},"end":{"line":220,"column":49}},"loc":{"start":{"line":220,"column":49},"end":{"line":228,"column":6}},"line":220}},"branchMap":{"0":{"loc":{"start":{"line":33,"column":74},"end":{"line":33,"column":99}},"type":"default-arg","locations":[{"start":{"line":33,"column":96},"end":{"line":33,"column":99}}],"line":33},"1":{"loc":{"start":{"line":43,"column":6},"end":{"line":46,"column":null}},"type":"if","locations":[{"start":{"line":43,"column":6},"end":{"line":46,"column":null}},{"start":{},"end":{}}],"line":43},"2":{"loc":{"start":{"line":59,"column":6},"end":{"line":62,"column":null}},"type":"if","locations":[{"start":{"line":59,"column":6},"end":{"line":62,"column":null}},{"start":{},"end":{}}],"line":59},"3":{"loc":{"start":{"line":59,"column":10},"end":{"line":59,"column":40}},"type":"binary-expr","locations":[{"start":{"line":59,"column":10},"end":{"line":59,"column":26}},{"start":{"line":59,"column":26},"end":{"line":59,"column":40}}],"line":59},"4":{"loc":{"start":{"line":69,"column":8},"end":{"line":72,"column":null}},"type":"if","locations":[{"start":{"line":69,"column":8},"end":{"line":72,"column":null}},{"start":{},"end":{}}],"line":69},"5":{"loc":{"start":{"line":85,"column":8},"end":{"line":85,"column":null}},"type":"if","locations":[{"start":{"line":85,"column":8},"end":{"line":85,"column":null}},{"start":{},"end":{}}],"line":85},"6":{"loc":{"start":{"line":85,"column":12},"end":{"line":85,"column":34}},"type":"binary-expr","locations":[{"start":{"line":85,"column":12},"end":{"line":85,"column":24}},{"start":{"line":85,"column":24},"end":{"line":85,"column":34}}],"line":85},"7":{"loc":{"start":{"line":88,"column":8},"end":{"line":88,"column":null}},"type":"if","locations":[{"start":{"line":88,"column":8},"end":{"line":88,"column":null}},{"start":{},"end":{}}],"line":88},"8":{"loc":{"start":{"line":111,"column":4},"end":{"line":111,"column":null}},"type":"if","locations":[{"start":{"line":111,"column":4},"end":{"line":111,"column":null}},{"start":{},"end":{}}],"line":111},"9":{"loc":{"start":{"line":114,"column":4},"end":{"line":114,"column":null}},"type":"if","locations":[{"start":{"line":114,"column":4},"end":{"line":114,"column":null}},{"start":{},"end":{}}],"line":114},"10":{"loc":{"start":{"line":114,"column":8},"end":{"line":114,"column":52}},"type":"binary-expr","locations":[{"start":{"line":114,"column":8},"end":{"line":114,"column":17}},{"start":{"line":114,"column":17},"end":{"line":114,"column":35}},{"start":{"line":114,"column":35},"end":{"line":114,"column":52}}],"line":114},"11":{"loc":{"start":{"line":117,"column":4},"end":{"line":130,"column":null}},"type":"if","locations":[{"start":{"line":117,"column":4},"end":{"line":130,"column":null}},{"start":{},"end":{}}],"line":117},"12":{"loc":{"start":{"line":119,"column":6},"end":{"line":128,"column":null}},"type":"if","locations":[{"start":{"line":119,"column":6},"end":{"line":128,"column":null}},{"start":{"line":125,"column":13},"end":{"line":128,"column":null}}],"line":119},"13":{"loc":{"start":{"line":121,"column":8},"end":{"line":124,"column":null}},"type":"if","locations":[{"start":{"line":121,"column":8},"end":{"line":124,"column":null}},{"start":{},"end":{}}],"line":121},"14":{"loc":{"start":{"line":136,"column":4},"end":{"line":139,"column":null}},"type":"if","locations":[{"start":{"line":136,"column":4},"end":{"line":139,"column":null}},{"start":{},"end":{}}],"line":136},"15":{"loc":{"start":{"line":141,"column":4},"end":{"line":143,"column":null}},"type":"if","locations":[{"start":{"line":141,"column":4},"end":{"line":143,"column":null}},{"start":{},"end":{}}],"line":141},"16":{"loc":{"start":{"line":145,"column":4},"end":{"line":147,"column":null}},"type":"if","locations":[{"start":{"line":145,"column":4},"end":{"line":147,"column":null}},{"start":{},"end":{}}],"line":145},"17":{"loc":{"start":{"line":155,"column":4},"end":{"line":155,"column":null}},"type":"if","locations":[{"start":{"line":155,"column":4},"end":{"line":155,"column":null}},{"start":{},"end":{}}],"line":155},"18":{"loc":{"start":{"line":158,"column":4},"end":{"line":158,"column":null}},"type":"if","locations":[{"start":{"line":158,"column":4},"end":{"line":158,"column":null}},{"start":{},"end":{}}],"line":158},"19":{"loc":{"start":{"line":158,"column":8},"end":{"line":158,"column":34}},"type":"binary-expr","locations":[{"start":{"line":158,"column":8},"end":{"line":158,"column":17}},{"start":{"line":158,"column":17},"end":{"line":158,"column":34}}],"line":158},"20":{"loc":{"start":{"line":167,"column":8},"end":{"line":167,"column":null}},"type":"if","locations":[{"start":{"line":167,"column":8},"end":{"line":167,"column":null}},{"start":{},"end":{}}],"line":167},"21":{"loc":{"start":{"line":176,"column":8},"end":{"line":176,"column":null}},"type":"if","locations":[{"start":{"line":176,"column":8},"end":{"line":176,"column":null}},{"start":{},"end":{}}],"line":176},"22":{"loc":{"start":{"line":176,"column":12},"end":{"line":176,"column":46}},"type":"binary-expr","locations":[{"start":{"line":176,"column":12},"end":{"line":176,"column":28}},{"start":{"line":176,"column":28},"end":{"line":176,"column":46}}],"line":176},"23":{"loc":{"start":{"line":189,"column":6},"end":{"line":189,"column":null}},"type":"if","locations":[{"start":{"line":189,"column":6},"end":{"line":189,"column":null}},{"start":{},"end":{}}],"line":189},"24":{"loc":{"start":{"line":189,"column":10},"end":{"line":189,"column":54}},"type":"binary-expr","locations":[{"start":{"line":189,"column":10},"end":{"line":189,"column":19}},{"start":{"line":189,"column":19},"end":{"line":189,"column":38}},{"start":{"line":189,"column":38},"end":{"line":189,"column":54}}],"line":189},"25":{"loc":{"start":{"line":194,"column":6},"end":{"line":197,"column":null}},"type":"if","locations":[{"start":{"line":194,"column":6},"end":{"line":197,"column":null}},{"start":{},"end":{}}],"line":194},"26":{"loc":{"start":{"line":199,"column":6},"end":{"line":199,"column":null}},"type":"if","locations":[{"start":{"line":199,"column":6},"end":{"line":199,"column":null}},{"start":{},"end":{}}],"line":199},"27":{"loc":{"start":{"line":203,"column":10},"end":{"line":203,"column":null}},"type":"if","locations":[{"start":{"line":203,"column":10},"end":{"line":203,"column":null}},{"start":{},"end":{}}],"line":203},"28":{"loc":{"start":{"line":203,"column":14},"end":{"line":203,"column":36}},"type":"binary-expr","locations":[{"start":{"line":203,"column":14},"end":{"line":203,"column":26}},{"start":{"line":203,"column":26},"end":{"line":203,"column":36}}],"line":203}},"s":{"0":15,"1":15,"2":15,"3":15,"4":15,"5":15,"6":15,"7":15,"8":15,"9":44,"10":44,"11":44,"12":198,"13":44,"14":6,"15":6,"16":6,"17":6,"18":23,"19":23,"20":23,"21":23,"22":18,"23":18,"24":6,"25":6,"26":6,"27":6,"28":5,"29":5,"30":5,"31":5,"32":4,"33":4,"34":6,"35":6,"36":23,"37":23,"38":141,"39":141,"40":123,"41":123,"42":6,"43":123,"44":123,"45":123,"46":369,"47":1107,"48":123,"49":984,"50":984,"51":984,"52":62,"53":123,"54":8,"55":8,"56":8,"57":8,"58":8,"59":8,"60":19,"61":19,"62":53,"63":8,"64":8,"65":8,"66":0,"67":8,"68":8,"69":0,"70":8,"71":2,"72":2,"73":2,"74":2,"75":1,"76":1,"77":0,"78":0,"79":2,"80":6,"81":6,"82":6,"83":1,"84":1,"85":6,"86":6,"87":6,"88":1,"89":6,"90":0,"91":0,"92":0,"93":0,"94":0,"95":0,"96":0,"97":0,"98":1,"99":1,"100":2,"101":2,"102":4,"103":4,"104":4,"105":6,"106":6,"107":9,"108":9,"109":17,"110":17,"111":5,"112":1,"113":6,"114":6,"115":6,"116":6,"117":6,"118":6,"119":0,"120":0,"121":0,"122":0,"123":0,"124":0,"125":0,"126":0,"127":0,"128":0,"129":0,"130":0,"131":0,"132":0,"133":1,"134":1,"135":2,"136":2,"137":4,"138":0,"139":0,"140":0},"f":{"0":15,"1":1,"2":123,"3":8,"4":8,"5":0,"6":1,"7":6,"8":6,"9":1,"10":0,"11":0,"12":0},"b":{"0":[6],"1":[18,5],"2":[4,1],"3":[5,5],"4":[123,18],"5":[123,984],"6":[1107,369],"7":[62,922],"8":[0,8],"9":[0,8],"10":[8,8,8],"11":[2,6],"12":[2,0],"13":[1,1],"14":[1,5],"15":[6,0],"16":[1,5],"17":[0,0],"18":[0,0],"19":[0,0],"20":[4,0],"21":[5,12],"22":[17,17],"23":[6,0],"24":[6,6,0],"25":[0,0],"26":[0,0],"27":[0,0],"28":[0,0]},"meta":{"lastBranch":29,"lastFunction":13,"lastStatement":141,"seen":{"s:14:42:14:Infinity":0,"f:16:2:16:14":0,"s:17:4:17:Infinity":1,"s:18:4:18:Infinity":2,"s:19:4:19:Infinity":3,"s:20:4:20:Infinity":4,"s:21:4:21:Infinity":5,"s:22:4:22:Infinity":6,"s:24:4:30:Infinity":7,"s:24:17:24:20":8,"s:25:26:25:Infinity":9,"s:26:6:28:Infinity":10,"s:26:19:26:22":11,"s:27:8:27:Infinity":12,"s:29:6:29:Infinity":13,"f:33:9:33:16":1,"b:33:96:33:99":0,"s:34:17:34:Infinity":14,"s:35:4:35:Infinity":15,"s:38:22:38:Infinity":16,"s:39:4:47:Infinity":17,"s:40:16:40:Infinity":18,"s:41:16:41:Infinity":19,"s:42:19:42:Infinity":20,"b:43:6:46:Infinity:undefined:undefined:undefined:undefined":1,"s:43:6:46:Infinity":21,"s:44:8:44:Infinity":22,"s:45:8:45:Infinity":23,"s:50:22:50:Infinity":24,"s:52:22:52:Infinity":25,"s:53:24:53:Infinity":26,"s:55:4:63:Infinity":27,"s:56:16:56:Infinity":28,"s:57:16:57:Infinity":29,"s:58:19:58:Infinity":30,"b:59:6:62:Infinity:undefined:undefined:undefined:undefined":2,"s:59:6:62:Infinity":31,"b:59:10:59:26:59:26:59:40":3,"s:60:8:60:Infinity":32,"s:61:8:61:Infinity":33,"s:66:4:74:Infinity":34,"s:66:17:66:20":35,"s:67:6:73:Infinity":36,"s:67:19:67:22":37,"s:68:21:68:Infinity":38,"b:69:8:72:Infinity:undefined:undefined:undefined:undefined":4,"s:69:8:72:Infinity":39,"s:70:24:70:Infinity":40,"s:71:10:71:Infinity":41,"s:76:4:76:Infinity":42,"f:79:2:79:17":2,"s:80:17:80:Infinity":43,"s:81:16:81:Infinity":44,"s:83:4:90:Infinity":45,"s:84:6:89:Infinity":46,"b:85:8:85:Infinity:undefined:undefined:undefined:undefined":5,"s:85:8:85:Infinity":47,"b:85:12:85:24:85:24:85:34":6,"s:85:34:85:Infinity":48,"s:86:19:86:Infinity":49,"s:87:19:87:Infinity":50,"b:88:8:88:Infinity:undefined:undefined:undefined:undefined":7,"s:88:8:88:Infinity":51,"s:88:41:88:Infinity":52,"s:92:4:92:Infinity":53,"f:95:2:95:10":3,"s:96:14:96:Infinity":54,"s:97:4:97:Infinity":55,"s:98:4:98:Infinity":56,"s:99:4:99:Infinity":57,"s:100:4:104:Infinity":58,"s:100:17:100:20":59,"s:101:6:103:Infinity":60,"s:101:19:101:22":61,"s:102:8:102:Infinity":62,"s:105:4:105:Infinity":63,"f:109:2:109:11":4,"s:110:17:110:Infinity":64,"b:111:4:111:Infinity:undefined:undefined:undefined:undefined":8,"s:111:4:111:Infinity":65,"s:111:38:111:Infinity":66,"s:113:17:113:Infinity":67,"b:114:4:114:Infinity:undefined:undefined:undefined:undefined":9,"s:114:4:114:Infinity":68,"b:114:8:114:17:114:17:114:35:114:35:114:52":10,"s:114:52:114:Infinity":69,"b:117:4:130:Infinity:undefined:undefined:undefined:undefined":11,"s:117:4:130:Infinity":70,"s:118:6:118:Infinity":71,"b:119:6:128:Infinity:125:13:128:Infinity":12,"s:119:6:128:Infinity":72,"s:120:8:120:Infinity":73,"b:121:8:124:Infinity:undefined:undefined:undefined:undefined":13,"s:121:8:124:Infinity":74,"s:122:10:122:Infinity":75,"s:123:10:123:Infinity":76,"s:126:9:126:Infinity":77,"s:127:9:127:Infinity":78,"s:129:6:129:Infinity":79,"s:133:4:133:Infinity":80,"s:134:4:134:Infinity":81,"b:136:4:139:Infinity:undefined:undefined:undefined:undefined":14,"s:136:4:139:Infinity":82,"s:137:6:137:Infinity":83,"s:138:6:138:Infinity":84,"b:141:4:143:Infinity:undefined:undefined:undefined:undefined":15,"s:141:4:143:Infinity":85,"s:142:6:142:Infinity":86,"b:145:4:147:Infinity:undefined:undefined:undefined:undefined":16,"s:145:4:147:Infinity":87,"s:146:6:146:Infinity":88,"s:149:4:149:Infinity":89,"f:153:2:153:15":5,"s:154:17:154:Infinity":90,"b:155:4:155:Infinity:undefined:undefined:undefined:undefined":17,"s:155:4:155:Infinity":91,"s:155:38:155:Infinity":92,"s:157:17:157:Infinity":93,"b:158:4:158:Infinity:undefined:undefined:undefined:undefined":18,"s:158:4:158:Infinity":94,"b:158:8:158:17:158:17:158:34":19,"s:158:34:158:Infinity":95,"s:159:4:159:Infinity":96,"s:160:4:160:Infinity":97,"f:163:2:163:19":6,"s:164:4:169:Infinity":98,"s:164:17:164:20":99,"s:165:6:168:Infinity":100,"s:165:19:165:22":101,"s:166:21:166:Infinity":102,"b:167:8:167:Infinity:undefined:undefined:undefined:undefined":20,"s:167:8:167:Infinity":103,"s:167:25:167:Infinity":104,"f:172:2:172:17":7,"s:173:4:178:Infinity":105,"s:173:17:173:20":106,"s:174:6:177:Infinity":107,"s:174:19:174:22":108,"s:175:21:175:Infinity":109,"b:176:8:176:Infinity:undefined:undefined:undefined:undefined":21,"s:176:8:176:Infinity":110,"b:176:12:176:28:176:28:176:46":22,"s:176:46:176:Infinity":111,"s:179:4:179:Infinity":112,"f:182:10:182:20":8,"s:183:18:183:Infinity":113,"s:186:4:207:Infinity":114,"s:187:23:187:Infinity":115,"s:188:19:188:Infinity":116,"b:189:6:189:Infinity:undefined:undefined:undefined:undefined":23,"s:189:6:189:Infinity":117,"b:189:10:189:19:189:19:189:38:189:38:189:54":24,"s:189:54:189:Infinity":118,"s:191:6:191:Infinity":119,"s:192:6:192:Infinity":120,"b:194:6:197:Infinity:undefined:undefined:undefined:undefined":25,"s:194:6:197:Infinity":121,"s:195:8:195:Infinity":122,"s:196:8:196:Infinity":123,"b:199:6:199:Infinity:undefined:undefined:undefined:undefined":26,"s:199:6:199:Infinity":124,"s:199:34:199:Infinity":125,"s:201:6:206:Infinity":126,"s:201:20:201:24":127,"s:202:8:205:Infinity":128,"s:202:22:202:26":129,"b:203:10:203:Infinity:undefined:undefined:undefined:undefined":27,"s:203:10:203:Infinity":130,"b:203:14:203:26:203:26:203:36":28,"s:203:36:203:Infinity":131,"s:204:10:204:Infinity":132,"f:210:2:210:14":9,"s:211:4:215:Infinity":133,"s:211:17:211:20":134,"s:212:6:214:Infinity":135,"s:212:19:212:22":136,"s:213:8:213:Infinity":137,"f:218:2:218:22":10,"s:220:4:228:Infinity":138,"f:220:25:220:32":11,"s:220:32:228:7":139,"f:220:40:220:49":12,"s:220:49:228:6":140}}}
,"/Users/fede/Facultad/2do/Paradigmas/TPI/buscaminas/src/game/Lives.ts": {"path":"/Users/fede/Facultad/2do/Paradigmas/TPI/buscaminas/src/game/Lives.ts","statementMap":{"0":{"start":{"line":6,"column":4},"end":{"line":6,"column":null}},"1":{"start":{"line":7,"column":4},"end":{"line":7,"column":null}},"2":{"start":{"line":11,"column":4},"end":{"line":13,"column":null}},"3":{"start":{"line":12,"column":6},"end":{"line":12,"column":null}},"4":{"start":{"line":17,"column":4},"end":{"line":17,"column":null}},"5":{"start":{"line":21,"column":4},"end":{"line":21,"column":null}},"6":{"start":{"line":25,"column":4},"end":{"line":25,"column":null}},"7":{"start":{"line":26,"column":4},"end":{"line":26,"column":null}},"8":{"start":{"line":30,"column":14},"end":{"line":30,"column":null}},"9":{"start":{"line":31,"column":4},"end":{"line":31,"column":null}},"10":{"start":{"line":32,"column":4},"end":{"line":32,"column":null}}},"fnMap":{"0":{"name":"(anonymous_0)","decl":{"start":{"line":5,"column":2},"end":{"line":5,"column":14}},"loc":{"start":{"line":5,"column":36},"end":{"line":8,"column":null}},"line":5},"1":{"name":"(anonymous_1)","decl":{"start":{"line":10,"column":2},"end":{"line":10,"column":13}},"loc":{"start":{"line":10,"column":13},"end":{"line":14,"column":null}},"line":10},"2":{"name":"(anonymous_2)","decl":{"start":{"line":16,"column":2},"end":{"line":16,"column":13}},"loc":{"start":{"line":16,"column":13},"end":{"line":18,"column":null}},"line":16},"3":{"name":"(anonymous_3)","decl":{"start":{"line":20,"column":2},"end":{"line":20,"column":21}},"loc":{"start":{"line":20,"column":21},"end":{"line":22,"column":null}},"line":20},"4":{"name":"(anonymous_4)","decl":{"start":{"line":24,"column":2},"end":{"line":24,"column":8}},"loc":{"start":{"line":24,"column":23},"end":{"line":27,"column":null}},"line":24},"5":{"name":"(anonymous_5)","decl":{"start":{"line":29,"column":2},"end":{"line":29,"column":17}},"loc":{"start":{"line":29,"column":17},"end":{"line":33,"column":null}},"line":29}},"branchMap":{"0":{"loc":{"start":{"line":11,"column":4},"end":{"line":13,"column":null}},"type":"if","locations":[{"start":{"line":11,"column":4},"end":{"line":13,"column":null}},{"start":{},"end":{}}],"line":11}},"s":{"0":37,"1":37,"2":7,"3":6,"4":2,"5":6,"6":2,"7":2,"8":9,"9":9,"10":9},"f":{"0":37,"1":7,"2":2,"3":6,"4":2,"5":9},"b":{"0":[6,1]},"meta":{"lastBranch":1,"lastFunction":6,"lastStatement":11,"seen":{"f:5:2:5:14":0,"s:6:4:6:Infinity":0,"s:7:4:7:Infinity":1,"f:10:2:10:13":1,"b:11:4:13:Infinity:undefined:undefined:undefined:undefined":0,"s:11:4:13:Infinity":2,"s:12:6:12:Infinity":3,"f:16:2:16:13":2,"s:17:4:17:Infinity":4,"f:20:2:20:21":3,"s:21:4:21:Infinity":5,"f:24:2:24:8":4,"s:25:4:25:Infinity":6,"s:26:4:26:Infinity":7,"f:29:2:29:17":5,"s:30:14:30:Infinity":8,"s:31:4:31:Infinity":9,"s:32:4:32:Infinity":10}}}
,"/Users/fede/Facultad/2do/Paradigmas/TPI/buscaminas/src/game/Score.ts": {"path":"/Users/fede/Facultad/2do/Paradigmas/TPI/buscaminas/src/game/Score.ts","statementMap":{"0":{"start":{"line":5,"column":4},"end":{"line":5,"column":null}},"1":{"start":{"line":9,"column":4},"end":{"line":9,"column":null}},"2":{"start":{"line":13,"column":4},"end":{"line":13,"column":null}},"3":{"start":{"line":17,"column":4},"end":{"line":17,"column":null}}},"fnMap":{"0":{"name":"(anonymous_0)","decl":{"start":{"line":4,"column":2},"end":{"line":4,"column":14}},"loc":{"start":{"line":4,"column":40},"end":{"line":6,"column":null}},"line":4},"1":{"name":"(anonymous_1)","decl":{"start":{"line":8,"column":2},"end":{"line":8,"column":6}},"loc":{"start":{"line":8,"column":22},"end":{"line":10,"column":null}},"line":8},"2":{"name":"(anonymous_2)","decl":{"start":{"line":12,"column":2},"end":{"line":12,"column":10}},"loc":{"start":{"line":12,"column":10},"end":{"line":14,"column":null}},"line":12},"3":{"name":"(anonymous_3)","decl":{"start":{"line":16,"column":2},"end":{"line":16,"column":17}},"loc":{"start":{"line":16,"column":17},"end":{"line":18,"column":null}},"line":16}},"branchMap":{"0":{"loc":{"start":{"line":4,"column":14},"end":{"line":4,"column":40}},"type":"default-arg","locations":[{"start":{"line":4,"column":37},"end":{"line":4,"column":40}}],"line":4}},"s":{"0":28,"1":9,"2":1,"3":9},"f":{"0":28,"1":9,"2":1,"3":9},"b":{"0":[28]},"meta":{"lastBranch":1,"lastFunction":4,"lastStatement":4,"seen":{"f:4:2:4:14":0,"b:4:37:4:40":0,"s:5:4:5:Infinity":0,"f:8:2:8:6":1,"s:9:4:9:Infinity":1,"f:12:2:12:10":2,"s:13:4:13:Infinity":2,"f:16:2:16:17":3,"s:17:4:17:Infinity":3}}}
}
